<?xml version="1.0" encoding="UTF-8"?>
<!-- Generated by org.testng.reporters.JUnitReportReporter -->
<testsuite hostname="P3C-43NPX52" name="tryMavenpack.NewTest" tests="1" failures="0" timestamp="4 Jan 2017 10:16:33 GMT" time="16.130" errors="0">
  <testcase name="testEasy" time="16.130" classname="tryMavenpack.NewTest"/>
</testsuite> <!-- tryMavenpack.NewTest -->
